# JRE version: Java(TM) SE Runtime Environment (8.0_231-b11) (build 1.8.0_231-b11)
# Java VM: Java HotSpot(TM) 64-Bit Server VM (25.231-b11 mixed mode windows-amd64 compressed oops)
Heap:
 PSYoungGen      total 404992K, used 357186K [0x0000000780980000, 0x00000007a1d00000, 0x00000007c0000000)
  eden space 398848K, 88% used [0x0000000780980000,0x00000007960bc2d0,0x0000000798f00000)
  from space 6144K, 92% used [0x00000007a1700000,0x00000007a1c94750,0x00000007a1d00000)
  to   space 22016K, 0% used [0x000000079f200000,0x000000079f200000,0x00000007a0780000)
 ParOldGen       total 163328K, used 58790K [0x0000000701c00000, 0x000000070bb80000, 0x0000000780980000)
  object space 163328K, 35% used [0x0000000701c00000,0x0000000705569980,0x000000070bb80000)
 Metaspace       used 70191K, capacity 73934K, committed 74200K, reserved 1114112K
  class space    used 9190K, capacity 9861K, committed 9984K, reserved 1048576K
GC Heap History (10 events):
Event: 6921.001 GC heap before
{Heap before GC invocations=23 (full 3):
 PSYoungGen      total 494080K, used 493690K [0x0000000780980000, 0x00000007a5b00000, 0x00000007c0000000)
  eden space 487424K, 100% used [0x0000000780980000,0x000000079e580000,0x000000079e580000)
  from space 6656K, 94% used [0x00000007a3000000,0x00000007a361eaa0,0x00000007a3680000)
  to   space 24576K, 0% used [0x00000007a4300000,0x00000007a4300000,0x00000007a5b00000)
 ParOldGen       total 163328K, used 58758K [0x0000000701c00000, 0x000000070bb80000, 0x0000000780980000)
  object space 163328K, 35% used [0x0000000701c00000,0x0000000705561980,0x000000070bb80000)
 Metaspace       used 70171K, capacity 73904K, committed 74072K, reserved 1114112K
  class space    used 9188K, capacity 9856K, committed 9856K, reserved 1048576K
Event: 6921.044 GC heap after
Heap after GC invocations=23 (full 3):
 PSYoungGen      total 474112K, used 5738K [0x0000000780980000, 0x00000007a4900000, 0x00000007c0000000)
  eden space 467968K, 0% used [0x0000000780980000,0x0000000780980000,0x000000079d280000)
  from space 6144K, 93% used [0x00000007a4300000,0x00000007a489aa10,0x00000007a4900000)
  to   space 24064K, 0% used [0x00000007a1a00000,0x00000007a1a00000,0x00000007a3180000)
 ParOldGen       total 163328K, used 58766K [0x0000000701c00000, 0x000000070bb80000, 0x0000000780980000)
  object space 163328K, 35% used [0x0000000701c00000,0x0000000705563980,0x000000070bb80000)
 Metaspace       used 70171K, capacity 73904K, committed 74072K, reserved 1114112K
  class space    used 9188K, capacity 9856K, committed 9856K, reserved 1048576K
}
Event: 7842.275 GC heap before
{Heap before GC invocations=24 (full 3):
 PSYoungGen      total 474112K, used 473706K [0x0000000780980000, 0x00000007a4900000, 0x00000007c0000000)
  eden space 467968K, 100% used [0x0000000780980000,0x000000079d280000,0x000000079d280000)
  from space 6144K, 93% used [0x00000007a4300000,0x00000007a489aa10,0x00000007a4900000)
  to   space 24064K, 0% used [0x00000007a1a00000,0x00000007a1a00000,0x00000007a3180000)
 ParOldGen       total 163328K, used 58766K [0x0000000701c00000, 0x000000070bb80000, 0x0000000780980000)
  object space 163328K, 35% used [0x0000000701c00000,0x0000000705563980,0x000000070bb80000)
 Metaspace       used 70171K, capacity 73904K, committed 74072K, reserved 1114112K
  class space    used 9188K, capacity 9856K, committed 9856K, reserved 1048576K
Event: 7842.295 GC heap after
Heap after GC invocations=24 (full 3):
 PSYoungGen      total 456192K, used 6202K [0x0000000780980000, 0x00000007a4380000, 0x00000007c0000000)
  eden space 449536K, 0% used [0x0000000780980000,0x0000000780980000,0x000000079c080000)
  from space 6656K, 93% used [0x00000007a1a00000,0x00000007a200eae0,0x00000007a2080000)
  to   space 23552K, 0% used [0x00000007a2c80000,0x00000007a2c80000,0x00000007a4380000)
 ParOldGen       total 163328K, used 58766K [0x0000000701c00000, 0x000000070bb80000, 0x0000000780980000)
  object space 163328K, 35% used [0x0000000701c00000,0x0000000705563980,0x000000070bb80000)
 Metaspace       used 70171K, capacity 73904K, committed 74072K, reserved 1114112K
  class space    used 9188K, capacity 9856K, committed 9856K, reserved 1048576K
}
Event: 8730.056 GC heap before
{Heap before GC invocations=25 (full 3):
 PSYoungGen      total 456192K, used 455738K [0x0000000780980000, 0x00000007a4380000, 0x00000007c0000000)
  eden space 449536K, 100% used [0x0000000780980000,0x000000079c080000,0x000000079c080000)
  from space 6656K, 93% used [0x00000007a1a00000,0x00000007a200eae0,0x00000007a2080000)
  to   space 23552K, 0% used [0x00000007a2c80000,0x00000007a2c80000,0x00000007a4380000)
 ParOldGen       total 163328K, used 58766K [0x0000000701c00000, 0x000000070bb80000, 0x0000000780980000)
  object space 163328K, 35% used [0x0000000701c00000,0x0000000705563980,0x000000070bb80000)
 Metaspace       used 70171K, capacity 73904K, committed 74072K, reserved 1114112K
  class space    used 9188K, capacity 9856K, committed 9856K, reserved 1048576K
Event: 8730.099 GC heap after
Heap after GC invocations=25 (full 3):
 PSYoungGen      total 437760K, used 6090K [0x0000000780980000, 0x00000007a3280000, 0x00000007c0000000)
  eden space 431616K, 0% used [0x0000000780980000,0x0000000780980000,0x000000079af00000)
  from space 6144K, 99% used [0x00000007a2c80000,0x00000007a3272af0,0x00000007a3280000)
  to   space 23040K, 0% used [0x00000007a0580000,0x00000007a0580000,0x00000007a1c00000)
 ParOldGen       total 163328K, used 58774K [0x0000000701c00000, 0x000000070bb80000, 0x0000000780980000)
  object space 163328K, 35% used [0x0000000701c00000,0x0000000705565980,0x000000070bb80000)
 Metaspace       used 70171K, capacity 73904K, committed 74072K, reserved 1114112K
  class space    used 9188K, capacity 9856K, committed 9856K, reserved 1048576K
}
Event: 9579.272 GC heap before
{Heap before GC invocations=26 (full 3):
 PSYoungGen      total 437760K, used 437706K [0x0000000780980000, 0x00000007a3280000, 0x00000007c0000000)
  eden space 431616K, 100% used [0x0000000780980000,0x000000079af00000,0x000000079af00000)
  from space 6144K, 99% used [0x00000007a2c80000,0x00000007a3272af0,0x00000007a3280000)
  to   space 23040K, 0% used [0x00000007a0580000,0x00000007a0580000,0x00000007a1c00000)
 ParOldGen       total 163328K, used 58774K [0x0000000701c00000, 0x000000070bb80000, 0x0000000780980000)
  object space 163328K, 35% used [0x0000000701c00000,0x0000000705565980,0x000000070bb80000)
 Metaspace       used 70174K, capacity 73904K, committed 74072K, reserved 1114112K
  class space    used 9188K, capacity 9856K, committed 9856K, reserved 1048576K
Event: 9579.287 GC heap after
Heap after GC invocations=26 (full 3):
 PSYoungGen      total 420352K, used 5233K [0x0000000780980000, 0x00000007a2d00000, 0x00000007c0000000)
  eden space 414720K, 0% used [0x0000000780980000,0x0000000780980000,0x0000000799e80000)
  from space 5632K, 92% used [0x00000007a0580000,0x00000007a0a9c6a0,0x00000007a0b00000)
  to   space 22528K, 0% used [0x00000007a1700000,0x00000007a1700000,0x00000007a2d00000)
 ParOldGen       total 163328K, used 58782K [0x0000000701c00000, 0x000000070bb80000, 0x0000000780980000)
  object space 163328K, 35% used [0x0000000701c00000,0x0000000705567980,0x000000070bb80000)
 Metaspace       used 70174K, capacity 73904K, committed 74072K, reserved 1114112K
  class space    used 9188K, capacity 9856K, committed 9856K, reserved 1048576K
}
Event: 10383.176 GC heap before
{Heap before GC invocations=27 (full 3):
 PSYoungGen      total 420352K, used 419953K [0x0000000780980000, 0x00000007a2d00000, 0x00000007c0000000)
  eden space 414720K, 100% used [0x0000000780980000,0x0000000799e80000,0x0000000799e80000)
  from space 5632K, 92% used [0x00000007a0580000,0x00000007a0a9c6a0,0x00000007a0b00000)
  to   space 22528K, 0% used [0x00000007a1700000,0x00000007a1700000,0x00000007a2d00000)
 ParOldGen       total 163328K, used 58782K [0x0000000701c00000, 0x000000070bb80000, 0x0000000780980000)
  object space 163328K, 35% used [0x0000000701c00000,0x0000000705567980,0x000000070bb80000)
 Metaspace       used 70190K, capacity 73934K, committed 74200K, reserved 1114112K
  class space    used 9190K, capacity 9861K, committed 9984K, reserved 1048576K
Event: 10383.191 GC heap after
Heap after GC invocations=27 (full 3):
 PSYoungGen      total 404992K, used 5713K [0x0000000780980000, 0x00000007a1d00000, 0x00000007c0000000)
  eden space 398848K, 0% used [0x0000000780980000,0x0000000780980000,0x0000000798f00000)
  from space 6144K, 92% used [0x00000007a1700000,0x00000007a1c94750,0x00000007a1d00000)
  to   space 22016K, 0% used [0x000000079f200000,0x000000079f200000,0x00000007a0780000)
 ParOldGen       total 163328K, used 58790K [0x0000000701c00000, 0x000000070bb80000, 0x0000000780980000)
  object space 163328K, 35% used [0x0000000701c00000,0x0000000705569980,0x000000070bb80000)
 Metaspace       used 70190K, capacity 73934K, committed 74200K, reserved 1114112K
  class space    used 9190K, capacity 9861K, committed 9984K, reserved 1048576K
}

