# JRE version: Java(TM) SE Runtime Environment (8.0_231-b11) (build 1.8.0_231-b11)
# Java VM: Java HotSpot(TM) 64-Bit Server VM (25.231-b11 mixed mode windows-amd64 compressed oops)
Heap:
 PSYoungGen      total 47104K, used 16649K [0x0000000780980000, 0x000000078f000000, 0x00000007c0000000)
  eden space 45056K, 32% used [0x0000000780980000,0x00000007817f63c8,0x0000000783580000)
  from space 2048K, 89% used [0x000000078ee00000,0x000000078efcc130,0x000000078f000000)
  to   space 2560K, 0% used [0x000000078eb00000,0x000000078eb00000,0x000000078ed80000)
 ParOldGen       total 159744K, used 66283K [0x0000000701c00000, 0x000000070b800000, 0x0000000780980000)
  object space 159744K, 41% used [0x0000000701c00000,0x0000000705cbaf58,0x000000070b800000)
 Metaspace       used 70355K, capacity 74338K, committed 74496K, reserved 1114112K
  class space    used 9215K, capacity 9895K, committed 9984K, reserved 1048576K
GC Heap History (10 events):
Event: 25860.275 GC heap before
{Heap before GC invocations=119 (full 3):
 PSYoungGen      total 49664K, used 49184K [0x0000000780980000, 0x000000078f280000, 0x00000007c0000000)
  eden space 47616K, 100% used [0x0000000780980000,0x0000000783800000,0x0000000783800000)
  from space 2048K, 76% used [0x000000078ee80000,0x000000078f008100,0x000000078f080000)
  to   space 2048K, 0% used [0x000000078f080000,0x000000078f080000,0x000000078f280000)
 ParOldGen       total 159744K, used 65971K [0x0000000701c00000, 0x000000070b800000, 0x0000000780980000)
  object space 159744K, 41% used [0x0000000701c00000,0x0000000705c6cf58,0x000000070b800000)
 Metaspace       used 70353K, capacity 74338K, committed 74496K, reserved 1114112K
  class space    used 9215K, capacity 9895K, committed 9984K, reserved 1048576K
Event: 25860.279 GC heap after
Heap after GC invocations=119 (full 3):
 PSYoungGen      total 49152K, used 1648K [0x0000000780980000, 0x000000078f280000, 0x00000007c0000000)
  eden space 47104K, 0% used [0x0000000780980000,0x0000000780980000,0x0000000783780000)
  from space 2048K, 80% used [0x000000078f080000,0x000000078f21c0f0,0x000000078f280000)
  to   space 2560K, 0% used [0x000000078ed80000,0x000000078ed80000,0x000000078f000000)
 ParOldGen       total 159744K, used 65971K [0x0000000701c00000, 0x000000070b800000, 0x0000000780980000)
  object space 159744K, 41% used [0x0000000701c00000,0x0000000705c6cf58,0x000000070b800000)
 Metaspace       used 70353K, capacity 74338K, committed 74496K, reserved 1114112K
  class space    used 9215K, capacity 9895K, committed 9984K, reserved 1048576K
}
Event: 25939.379 GC heap before
{Heap before GC invocations=120 (full 3):
 PSYoungGen      total 49152K, used 48752K [0x0000000780980000, 0x000000078f280000, 0x00000007c0000000)
  eden space 47104K, 100% used [0x0000000780980000,0x0000000783780000,0x0000000783780000)
  from space 2048K, 80% used [0x000000078f080000,0x000000078f21c0f0,0x000000078f280000)
  to   space 2560K, 0% used [0x000000078ed80000,0x000000078ed80000,0x000000078f000000)
 ParOldGen       total 159744K, used 65971K [0x0000000701c00000, 0x000000070b800000, 0x0000000780980000)
  object space 159744K, 41% used [0x0000000701c00000,0x0000000705c6cf58,0x000000070b800000)
 Metaspace       used 70353K, capacity 74338K, committed 74496K, reserved 1114112K
  class space    used 9215K, capacity 9895K, committed 9984K, reserved 1048576K
Event: 25939.388 GC heap after
Heap after GC invocations=120 (full 3):
 PSYoungGen      total 48640K, used 1600K [0x0000000780980000, 0x000000078f100000, 0x00000007c0000000)
  eden space 46592K, 0% used [0x0000000780980000,0x0000000780980000,0x0000000783700000)
  from space 2048K, 78% used [0x000000078ed80000,0x000000078ef10100,0x000000078ef80000)
  to   space 1536K, 0% used [0x000000078ef80000,0x000000078ef80000,0x000000078f100000)
 ParOldGen       total 159744K, used 66019K [0x0000000701c00000, 0x000000070b800000, 0x0000000780980000)
  object space 159744K, 41% used [0x0000000701c00000,0x0000000705c78f58,0x000000070b800000)
 Metaspace       used 70353K, capacity 74338K, committed 74496K, reserved 1114112K
  class space    used 9215K, capacity 9895K, committed 9984K, reserved 1048576K
}
Event: 26016.258 GC heap before
{Heap before GC invocations=121 (full 3):
 PSYoungGen      total 48640K, used 48192K [0x0000000780980000, 0x000000078f100000, 0x00000007c0000000)
  eden space 46592K, 100% used [0x0000000780980000,0x0000000783700000,0x0000000783700000)
  from space 2048K, 78% used [0x000000078ed80000,0x000000078ef10100,0x000000078ef80000)
  to   space 1536K, 0% used [0x000000078ef80000,0x000000078ef80000,0x000000078f100000)
 ParOldGen       total 159744K, used 66019K [0x0000000701c00000, 0x000000070b800000, 0x0000000780980000)
  object space 159744K, 41% used [0x0000000701c00000,0x0000000705c78f58,0x000000070b800000)
 Metaspace       used 70353K, capacity 74338K, committed 74496K, reserved 1114112K
  class space    used 9215K, capacity 9895K, committed 9984K, reserved 1048576K
Event: 26016.263 GC heap after
Heap after GC invocations=121 (full 3):
 PSYoungGen      total 47616K, used 1520K [0x0000000780980000, 0x000000078f100000, 0x00000007c0000000)
  eden space 46080K, 0% used [0x0000000780980000,0x0000000780980000,0x0000000783680000)
  from space 1536K, 98% used [0x000000078ef80000,0x000000078f0fc110,0x000000078f100000)
  to   space 2560K, 0% used [0x000000078ec00000,0x000000078ec00000,0x000000078ee80000)
 ParOldGen       total 159744K, used 66195K [0x0000000701c00000, 0x000000070b800000, 0x0000000780980000)
  object space 159744K, 41% used [0x0000000701c00000,0x0000000705ca4f58,0x000000070b800000)
 Metaspace       used 70353K, capacity 74338K, committed 74496K, reserved 1114112K
  class space    used 9215K, capacity 9895K, committed 9984K, reserved 1048576K
}
Event: 26092.275 GC heap before
{Heap before GC invocations=122 (full 3):
 PSYoungGen      total 47616K, used 47600K [0x0000000780980000, 0x000000078f100000, 0x00000007c0000000)
  eden space 46080K, 100% used [0x0000000780980000,0x0000000783680000,0x0000000783680000)
  from space 1536K, 98% used [0x000000078ef80000,0x000000078f0fc110,0x000000078f100000)
  to   space 2560K, 0% used [0x000000078ec00000,0x000000078ec00000,0x000000078ee80000)
 ParOldGen       total 159744K, used 66195K [0x0000000701c00000, 0x000000070b800000, 0x0000000780980000)
  object space 159744K, 41% used [0x0000000701c00000,0x0000000705ca4f58,0x000000070b800000)
 Metaspace       used 70353K, capacity 74338K, committed 74496K, reserved 1114112K
  class space    used 9215K, capacity 9895K, committed 9984K, reserved 1048576K
Event: 26092.284 GC heap after
Heap after GC invocations=122 (full 3):
 PSYoungGen      total 47616K, used 1632K [0x0000000780980000, 0x000000078f000000, 0x00000007c0000000)
  eden space 45568K, 0% used [0x0000000780980000,0x0000000780980000,0x0000000783600000)
  from space 2048K, 79% used [0x000000078ec00000,0x000000078ed98100,0x000000078ee00000)
  to   space 2048K, 0% used [0x000000078ee00000,0x000000078ee00000,0x000000078f000000)
 ParOldGen       total 159744K, used 66283K [0x0000000701c00000, 0x000000070b800000, 0x0000000780980000)
  object space 159744K, 41% used [0x0000000701c00000,0x0000000705cbaf58,0x000000070b800000)
 Metaspace       used 70353K, capacity 74338K, committed 74496K, reserved 1114112K
  class space    used 9215K, capacity 9895K, committed 9984K, reserved 1048576K
}
Event: 26168.011 GC heap before
{Heap before GC invocations=123 (full 3):
 PSYoungGen      total 47616K, used 47200K [0x0000000780980000, 0x000000078f000000, 0x00000007c0000000)
  eden space 45568K, 100% used [0x0000000780980000,0x0000000783600000,0x0000000783600000)
  from space 2048K, 79% used [0x000000078ec00000,0x000000078ed98100,0x000000078ee00000)
  to   space 2048K, 0% used [0x000000078ee00000,0x000000078ee00000,0x000000078f000000)
 ParOldGen       total 159744K, used 66283K [0x0000000701c00000, 0x000000070b800000, 0x0000000780980000)
  object space 159744K, 41% used [0x0000000701c00000,0x0000000705cbaf58,0x000000070b800000)
 Metaspace       used 70355K, capacity 74338K, committed 74496K, reserved 1114112K
  class space    used 9215K, capacity 9895K, committed 9984K, reserved 1048576K
Event: 26168.016 GC heap after
Heap after GC invocations=123 (full 3):
 PSYoungGen      total 47104K, used 1840K [0x0000000780980000, 0x000000078f000000, 0x00000007c0000000)
  eden space 45056K, 0% used [0x0000000780980000,0x0000000780980000,0x0000000783580000)
  from space 2048K, 89% used [0x000000078ee00000,0x000000078efcc130,0x000000078f000000)
  to   space 2560K, 0% used [0x000000078eb00000,0x000000078eb00000,0x000000078ed80000)
 ParOldGen       total 159744K, used 66283K [0x0000000701c00000, 0x000000070b800000, 0x0000000780980000)
  object space 159744K, 41% used [0x0000000701c00000,0x0000000705cbaf58,0x000000070b800000)
 Metaspace       used 70355K, capacity 74338K, committed 74496K, reserved 1114112K
  class space    used 9215K, capacity 9895K, committed 9984K, reserved 1048576K
}

