# JRE version: Java(TM) SE Runtime Environment (8.0_231-b11) (build 1.8.0_231-b11)
# Java VM: Java HotSpot(TM) 64-Bit Server VM (25.231-b11 mixed mode windows-amd64 compressed oops)
Heap:
 PSYoungGen      total 308224K, used 200233K [0x0000000780980000, 0x0000000794500000, 0x00000007c0000000)
  eden space 297984K, 63% used [0x0000000780980000,0x000000078c311130,0x0000000792c80000)
  from space 10240K, 99% used [0x0000000793b00000,0x00000007944f9478,0x0000000794500000)
  to   space 12288K, 0% used [0x0000000792d00000,0x0000000792d00000,0x0000000793900000)
 ParOldGen       total 98304K, used 33992K [0x0000000701c00000, 0x0000000707c00000, 0x0000000780980000)
  object space 98304K, 34% used [0x0000000701c00000,0x0000000703d32148,0x0000000707c00000)
 Metaspace       used 51890K, capacity 54795K, committed 55040K, reserved 1097728K
  class space    used 7069K, capacity 7621K, committed 7680K, reserved 1048576K
GC Heap History (10 events):
Event: 17.047 GC heap before
{Heap before GC invocations=13 (full 2):
 PSYoungGen      total 233472K, used 222720K [0x0000000780980000, 0x0000000790280000, 0x00000007c0000000)
  eden space 222720K, 100% used [0x0000000780980000,0x000000078e300000,0x000000078e300000)
  from space 10752K, 0% used [0x000000078ee00000,0x000000078ee00000,0x000000078f880000)
  to   space 11264K, 0% used [0x000000078e300000,0x000000078e300000,0x000000078ee00000)
 ParOldGen       total 98304K, used 12027K [0x0000000701c00000, 0x0000000707c00000, 0x0000000780980000)
  object space 98304K, 12% used [0x0000000701c00000,0x00000007027beea0,0x0000000707c00000)
 Metaspace       used 31745K, capacity 33131K, committed 33408K, reserved 1077248K
  class space    used 4371K, capacity 4687K, committed 4736K, reserved 1048576K
Event: 17.060 GC heap after
Heap after GC invocations=13 (full 2):
 PSYoungGen      total 233984K, used 9825K [0x0000000780980000, 0x0000000794680000, 0x00000007c0000000)
  eden space 222720K, 0% used [0x0000000780980000,0x0000000780980000,0x000000078e300000)
  from space 11264K, 87% used [0x000000078e300000,0x000000078ec98538,0x000000078ee00000)
  to   space 11776K, 0% used [0x0000000793b00000,0x0000000793b00000,0x0000000794680000)
 ParOldGen       total 98304K, used 12035K [0x0000000701c00000, 0x0000000707c00000, 0x0000000780980000)
  object space 98304K, 12% used [0x0000000701c00000,0x00000007027c0ea0,0x0000000707c00000)
 Metaspace       used 31745K, capacity 33131K, committed 33408K, reserved 1077248K
  class space    used 4371K, capacity 4687K, committed 4736K, reserved 1048576K
}
Event: 19.493 GC heap before
{Heap before GC invocations=14 (full 2):
 PSYoungGen      total 233984K, used 232545K [0x0000000780980000, 0x0000000794680000, 0x00000007c0000000)
  eden space 222720K, 100% used [0x0000000780980000,0x000000078e300000,0x000000078e300000)
  from space 11264K, 87% used [0x000000078e300000,0x000000078ec98538,0x000000078ee00000)
  to   space 11776K, 0% used [0x0000000793b00000,0x0000000793b00000,0x0000000794680000)
 ParOldGen       total 98304K, used 12035K [0x0000000701c00000, 0x0000000707c00000, 0x0000000780980000)
  object space 98304K, 12% used [0x0000000701c00000,0x00000007027c0ea0,0x0000000707c00000)
 Metaspace       used 37699K, capacity 39369K, committed 39552K, reserved 1083392K
  class space    used 5083K, capacity 5426K, committed 5504K, reserved 1048576K
Event: 19.518 GC heap after
Heap after GC invocations=14 (full 2):
 PSYoungGen      total 308224K, used 9966K [0x0000000780980000, 0x0000000794500000, 0x00000007c0000000)
  eden space 297984K, 0% used [0x0000000780980000,0x0000000780980000,0x0000000792c80000)
  from space 10240K, 97% used [0x0000000793b00000,0x00000007944bb918,0x0000000794500000)
  to   space 12288K, 0% used [0x0000000792d00000,0x0000000792d00000,0x0000000793900000)
 ParOldGen       total 98304K, used 15547K [0x0000000701c00000, 0x0000000707c00000, 0x0000000780980000)
  object space 98304K, 15% used [0x0000000701c00000,0x0000000702b2efd0,0x0000000707c00000)
 Metaspace       used 37699K, capacity 39369K, committed 39552K, reserved 1083392K
  class space    used 5083K, capacity 5426K, committed 5504K, reserved 1048576K
}
Event: 22.606 GC heap before
{Heap before GC invocations=15 (full 2):
 PSYoungGen      total 308224K, used 291288K [0x0000000780980000, 0x0000000794500000, 0x00000007c0000000)
  eden space 297984K, 94% used [0x0000000780980000,0x0000000791c3a730,0x0000000792c80000)
  from space 10240K, 97% used [0x0000000793b00000,0x00000007944bb918,0x0000000794500000)
  to   space 12288K, 0% used [0x0000000792d00000,0x0000000792d00000,0x0000000793900000)
 ParOldGen       total 98304K, used 15547K [0x0000000701c00000, 0x0000000707c00000, 0x0000000780980000)
  object space 98304K, 15% used [0x0000000701c00000,0x0000000702b2efd0,0x0000000707c00000)
 Metaspace       used 43880K, capacity 46169K, committed 46228K, reserved 1089536K
  class space    used 5900K, capacity 6354K, committed 6400K, reserved 1048576K
Event: 22.635 GC heap after
Heap after GC invocations=15 (full 2):
 PSYoungGen      total 310272K, used 12277K [0x0000000780980000, 0x0000000794500000, 0x00000007c0000000)
  eden space 297984K, 0% used [0x0000000780980000,0x0000000780980000,0x0000000792c80000)
  from space 12288K, 99% used [0x0000000792d00000,0x00000007938fd6d0,0x0000000793900000)
  to   space 10240K, 0% used [0x0000000793b00000,0x0000000793b00000,0x0000000794500000)
 ParOldGen       total 98304K, used 21450K [0x0000000701c00000, 0x0000000707c00000, 0x0000000780980000)
  object space 98304K, 21% used [0x0000000701c00000,0x00000007030f2b60,0x0000000707c00000)
 Metaspace       used 43880K, capacity 46169K, committed 46228K, reserved 1089536K
  class space    used 5900K, capacity 6354K, committed 6400K, reserved 1048576K
}
Event: 22.635 GC heap before
{Heap before GC invocations=16 (full 3):
 PSYoungGen      total 310272K, used 12277K [0x0000000780980000, 0x0000000794500000, 0x00000007c0000000)
  eden space 297984K, 0% used [0x0000000780980000,0x0000000780980000,0x0000000792c80000)
  from space 12288K, 99% used [0x0000000792d00000,0x00000007938fd6d0,0x0000000793900000)
  to   space 10240K, 0% used [0x0000000793b00000,0x0000000793b00000,0x0000000794500000)
 ParOldGen       total 98304K, used 21450K [0x0000000701c00000, 0x0000000707c00000, 0x0000000780980000)
  object space 98304K, 21% used [0x0000000701c00000,0x00000007030f2b60,0x0000000707c00000)
 Metaspace       used 43880K, capacity 46169K, committed 46228K, reserved 1089536K
  class space    used 5900K, capacity 6354K, committed 6400K, reserved 1048576K
Event: 22.910 GC heap after
Heap after GC invocations=16 (full 3):
 PSYoungGen      total 310272K, used 0K [0x0000000780980000, 0x0000000794500000, 0x00000007c0000000)
  eden space 297984K, 0% used [0x0000000780980000,0x0000000780980000,0x0000000792c80000)
  from space 12288K, 0% used [0x0000000792d00000,0x0000000792d00000,0x0000000793900000)
  to   space 10240K, 0% used [0x0000000793b00000,0x0000000793b00000,0x0000000794500000)
 ParOldGen       total 98304K, used 31796K [0x0000000701c00000, 0x0000000707c00000, 0x0000000780980000)
  object space 98304K, 32% used [0x0000000701c00000,0x0000000703b0d280,0x0000000707c00000)
 Metaspace       used 43880K, capacity 46169K, committed 46228K, reserved 1089536K
  class space    used 5900K, capacity 6354K, committed 6400K, reserved 1048576K
}
Event: 26.750 GC heap before
{Heap before GC invocations=17 (full 3):
 PSYoungGen      total 310272K, used 297984K [0x0000000780980000, 0x0000000794500000, 0x00000007c0000000)
  eden space 297984K, 100% used [0x0000000780980000,0x0000000792c80000,0x0000000792c80000)
  from space 12288K, 0% used [0x0000000792d00000,0x0000000792d00000,0x0000000793900000)
  to   space 10240K, 0% used [0x0000000793b00000,0x0000000793b00000,0x0000000794500000)
 ParOldGen       total 98304K, used 31796K [0x0000000701c00000, 0x0000000707c00000, 0x0000000780980000)
  object space 98304K, 32% used [0x0000000701c00000,0x0000000703b0d280,0x0000000707c00000)
 Metaspace       used 49580K, capacity 52405K, committed 52608K, reserved 1095680K
  class space    used 6701K, capacity 7241K, committed 7296K, reserved 1048576K
Event: 26.766 GC heap after
Heap after GC invocations=17 (full 3):
 PSYoungGen      total 308224K, used 10213K [0x0000000780980000, 0x0000000794500000, 0x00000007c0000000)
  eden space 297984K, 0% used [0x0000000780980000,0x0000000780980000,0x0000000792c80000)
  from space 10240K, 99% used [0x0000000793b00000,0x00000007944f9478,0x0000000794500000)
  to   space 12288K, 0% used [0x0000000792d00000,0x0000000792d00000,0x0000000793900000)
 ParOldGen       total 98304K, used 33992K [0x0000000701c00000, 0x0000000707c00000, 0x0000000780980000)
  object space 98304K, 34% used [0x0000000701c00000,0x0000000703d32148,0x0000000707c00000)
 Metaspace       used 49580K, capacity 52405K, committed 52608K, reserved 1095680K
  class space    used 6701K, capacity 7241K, committed 7296K, reserved 1048576K
}

