# JRE version: Java(TM) SE Runtime Environment (8.0_231-b11) (build 1.8.0_231-b11)
# Java VM: Java HotSpot(TM) 64-Bit Server VM (25.231-b11 mixed mode windows-amd64 compressed oops)
Heap:
 PSYoungGen      total 513024K, used 399527K [0x0000000780980000, 0x00000007a4200000, 0x00000007c0000000)
  eden space 489984K, 81% used [0x0000000780980000,0x0000000798fa9cf0,0x000000079e800000)
  from space 23040K, 0% used [0x000000079fe00000,0x000000079fe00000,0x00000007a1480000)
  to   space 22528K, 0% used [0x000000079e800000,0x000000079e800000,0x000000079fe00000)
 ParOldGen       total 167936K, used 37564K [0x0000000701c00000, 0x000000070c000000, 0x0000000780980000)
  object space 167936K, 22% used [0x0000000701c00000,0x00000007040af008,0x000000070c000000)
 Metaspace       used 62456K, capacity 65740K, committed 66048K, reserved 1105920K
  class space    used 8287K, capacity 8875K, committed 8960K, reserved 1048576K
GC Heap History (10 events):
Event: 12.764 GC heap before
{Heap before GC invocations=11 (full 2):
 PSYoungGen      total 296960K, used 8435K [0x0000000780980000, 0x000000079b400000, 0x00000007c0000000)
  eden space 282624K, 0% used [0x0000000780980000,0x0000000780980000,0x0000000791d80000)
  from space 14336K, 58% used [0x0000000791d80000,0x00000007925bcd00,0x0000000792b80000)
  to   space 13824K, 0% used [0x000000079a680000,0x000000079a680000,0x000000079b400000)
 ParOldGen       total 72192K, used 13212K [0x0000000701c00000, 0x0000000706280000, 0x0000000780980000)
  object space 72192K, 18% used [0x0000000701c00000,0x00000007028e73d8,0x0000000706280000)
 Metaspace       used 33982K, capacity 35470K, committed 35496K, reserved 1079296K
  class space    used 4539K, capacity 4863K, committed 4864K, reserved 1048576K
Event: 12.858 GC heap after
Heap after GC invocations=11 (full 2):
 PSYoungGen      total 296960K, used 0K [0x0000000780980000, 0x000000079b400000, 0x00000007c0000000)
  eden space 282624K, 0% used [0x0000000780980000,0x0000000780980000,0x0000000791d80000)
  from space 14336K, 0% used [0x0000000791d80000,0x0000000791d80000,0x0000000792b80000)
  to   space 13824K, 0% used [0x000000079a680000,0x000000079a680000,0x000000079b400000)
 ParOldGen       total 108032K, used 15757K [0x0000000701c00000, 0x0000000708580000, 0x0000000780980000)
  object space 108032K, 14% used [0x0000000701c00000,0x0000000702b634c8,0x0000000708580000)
 Metaspace       used 33982K, capacity 35470K, committed 35496K, reserved 1079296K
  class space    used 4539K, capacity 4863K, committed 4864K, reserved 1048576K
}
Event: 15.727 GC heap before
{Heap before GC invocations=12 (full 2):
 PSYoungGen      total 296960K, used 282624K [0x0000000780980000, 0x000000079b400000, 0x00000007c0000000)
  eden space 282624K, 100% used [0x0000000780980000,0x0000000791d80000,0x0000000791d80000)
  from space 14336K, 0% used [0x0000000791d80000,0x0000000791d80000,0x0000000792b80000)
  to   space 13824K, 0% used [0x000000079a680000,0x000000079a680000,0x000000079b400000)
 ParOldGen       total 108032K, used 15757K [0x0000000701c00000, 0x0000000708580000, 0x0000000780980000)
  object space 108032K, 14% used [0x0000000701c00000,0x0000000702b634c8,0x0000000708580000)
 Metaspace       used 40088K, capacity 42212K, committed 42496K, reserved 1085440K
  class space    used 5342K, capacity 5770K, committed 5888K, reserved 1048576K
Event: 15.746 GC heap after
Heap after GC invocations=12 (full 2):
 PSYoungGen      total 388096K, used 13630K [0x0000000780980000, 0x000000079b400000, 0x00000007c0000000)
  eden space 374272K, 0% used [0x0000000780980000,0x0000000780980000,0x0000000797700000)
  from space 13824K, 98% used [0x000000079a680000,0x000000079b3cfa30,0x000000079b400000)
  to   space 15360K, 0% used [0x0000000799600000,0x0000000799600000,0x000000079a500000)
 ParOldGen       total 108032K, used 15765K [0x0000000701c00000, 0x0000000708580000, 0x0000000780980000)
  object space 108032K, 14% used [0x0000000701c00000,0x0000000702b654c8,0x0000000708580000)
 Metaspace       used 40088K, capacity 42212K, committed 42496K, reserved 1085440K
  class space    used 5342K, capacity 5770K, committed 5888K, reserved 1048576K
}
Event: 21.476 GC heap before
{Heap before GC invocations=13 (full 2):
 PSYoungGen      total 388096K, used 387902K [0x0000000780980000, 0x000000079b400000, 0x00000007c0000000)
  eden space 374272K, 100% used [0x0000000780980000,0x0000000797700000,0x0000000797700000)
  from space 13824K, 98% used [0x000000079a680000,0x000000079b3cfa30,0x000000079b400000)
  to   space 15360K, 0% used [0x0000000799600000,0x0000000799600000,0x000000079a500000)
 ParOldGen       total 108032K, used 15765K [0x0000000701c00000, 0x0000000708580000, 0x0000000780980000)
  object space 108032K, 14% used [0x0000000701c00000,0x0000000702b654c8,0x0000000708580000)
 Metaspace       used 55174K, capacity 57904K, committed 57984K, reserved 1099776K
  class space    used 7249K, capacity 7777K, committed 7808K, reserved 1048576K
Event: 21.522 GC heap after
Heap after GC invocations=13 (full 2):
 PSYoungGen      total 421376K, used 15352K [0x0000000780980000, 0x00000007a1480000, 0x00000007c0000000)
  eden space 406016K, 0% used [0x0000000780980000,0x0000000780980000,0x0000000799600000)
  from space 15360K, 99% used [0x0000000799600000,0x000000079a4fe370,0x000000079a500000)
  to   space 23040K, 0% used [0x000000079fe00000,0x000000079fe00000,0x00000007a1480000)
 ParOldGen       total 108032K, used 31973K [0x0000000701c00000, 0x0000000708580000, 0x0000000780980000)
  object space 108032K, 29% used [0x0000000701c00000,0x0000000703b396b0,0x0000000708580000)
 Metaspace       used 55174K, capacity 57904K, committed 57984K, reserved 1099776K
  class space    used 7249K, capacity 7777K, committed 7808K, reserved 1048576K
}
Event: 22.732 GC heap before
{Heap before GC invocations=14 (full 2):
 PSYoungGen      total 421376K, used 125655K [0x0000000780980000, 0x00000007a1480000, 0x00000007c0000000)
  eden space 406016K, 27% used [0x0000000780980000,0x0000000787537b40,0x0000000799600000)
  from space 15360K, 99% used [0x0000000799600000,0x000000079a4fe370,0x000000079a500000)
  to   space 23040K, 0% used [0x000000079fe00000,0x000000079fe00000,0x00000007a1480000)
 ParOldGen       total 108032K, used 31973K [0x0000000701c00000, 0x0000000708580000, 0x0000000780980000)
  object space 108032K, 29% used [0x0000000701c00000,0x0000000703b396b0,0x0000000708580000)
 Metaspace       used 56330K, capacity 59082K, committed 59136K, reserved 1099776K
  class space    used 7422K, capacity 7936K, committed 7936K, reserved 1048576K
Event: 22.753 GC heap after
Heap after GC invocations=14 (full 2):
 PSYoungGen      total 513024K, used 5366K [0x0000000780980000, 0x00000007a4200000, 0x00000007c0000000)
  eden space 489984K, 0% used [0x0000000780980000,0x0000000780980000,0x000000079e800000)
  from space 23040K, 23% used [0x000000079fe00000,0x00000007a033d940,0x00000007a1480000)
  to   space 22528K, 0% used [0x000000079e800000,0x000000079e800000,0x000000079fe00000)
 ParOldGen       total 108032K, used 45208K [0x0000000701c00000, 0x0000000708580000, 0x0000000780980000)
  object space 108032K, 41% used [0x0000000701c00000,0x0000000704826118,0x0000000708580000)
 Metaspace       used 56330K, capacity 59082K, committed 59136K, reserved 1099776K
  class space    used 7422K, capacity 7936K, committed 7936K, reserved 1048576K
}
Event: 22.753 GC heap before
{Heap before GC invocations=15 (full 3):
 PSYoungGen      total 513024K, used 5366K [0x0000000780980000, 0x00000007a4200000, 0x00000007c0000000)
  eden space 489984K, 0% used [0x0000000780980000,0x0000000780980000,0x000000079e800000)
  from space 23040K, 23% used [0x000000079fe00000,0x00000007a033d940,0x00000007a1480000)
  to   space 22528K, 0% used [0x000000079e800000,0x000000079e800000,0x000000079fe00000)
 ParOldGen       total 108032K, used 45208K [0x0000000701c00000, 0x0000000708580000, 0x0000000780980000)
  object space 108032K, 41% used [0x0000000701c00000,0x0000000704826118,0x0000000708580000)
 Metaspace       used 56330K, capacity 59082K, committed 59136K, reserved 1099776K
  class space    used 7422K, capacity 7936K, committed 7936K, reserved 1048576K
Event: 23.008 GC heap after
Heap after GC invocations=15 (full 3):
 PSYoungGen      total 513024K, used 0K [0x0000000780980000, 0x00000007a4200000, 0x00000007c0000000)
  eden space 489984K, 0% used [0x0000000780980000,0x0000000780980000,0x000000079e800000)
  from space 23040K, 0% used [0x000000079fe00000,0x000000079fe00000,0x00000007a1480000)
  to   space 22528K, 0% used [0x000000079e800000,0x000000079e800000,0x000000079fe00000)
 ParOldGen       total 167936K, used 37564K [0x0000000701c00000, 0x000000070c000000, 0x0000000780980000)
  object space 167936K, 22% used [0x0000000701c00000,0x00000007040af008,0x000000070c000000)
 Metaspace       used 56304K, capacity 59004K, committed 59136K, reserved 1099776K
  class space    used 7414K, capacity 7923K, committed 7936K, reserved 1048576K
}

