# JRE version: Java(TM) SE Runtime Environment (8.0_231-b11) (build 1.8.0_231-b11)
# Java VM: Java HotSpot(TM) 64-Bit Server VM (25.231-b11 mixed mode windows-amd64 compressed oops)
Heap:
 PSYoungGen      total 371712K, used 156793K [0x0000000780980000, 0x000000079ae00000, 0x00000007c0000000)
  eden space 365056K, 42% used [0x0000000780980000,0x000000078a29e790,0x0000000796e00000)
  from space 6656K, 0% used [0x000000079a780000,0x000000079a780000,0x000000079ae00000)
  to   space 13824K, 0% used [0x0000000799300000,0x0000000799300000,0x000000079a080000)
 ParOldGen       total 108032K, used 20211K [0x0000000701c00000, 0x0000000708580000, 0x0000000780980000)
  object space 108032K, 18% used [0x0000000701c00000,0x0000000702fbce60,0x0000000708580000)
 Metaspace       used 39972K, capacity 42040K, committed 42368K, reserved 1089536K
  class space    used 5333K, capacity 5736K, committed 5760K, reserved 1048576K
GC Heap History (10 events):
Event: 12.732 GC heap before
{Heap before GC invocations=9 (full 1):
 PSYoungGen      total 203264K, used 200480K [0x0000000780980000, 0x0000000793380000, 0x00000007c0000000)
  eden space 191488K, 100% used [0x0000000780980000,0x000000078c480000,0x000000078c480000)
  from space 11776K, 76% used [0x000000078c480000,0x000000078cd483b8,0x000000078d000000)
  to   space 11776K, 0% used [0x0000000792800000,0x0000000792800000,0x0000000793380000)
 ParOldGen       total 72192K, used 8029K [0x0000000701c00000, 0x0000000706280000, 0x0000000780980000)
  object space 72192K, 11% used [0x0000000701c00000,0x00000007023d7480,0x0000000706280000)
 Metaspace       used 32371K, capacity 33878K, committed 34176K, reserved 1079296K
  class space    used 4369K, capacity 4701K, committed 4736K, reserved 1048576K
Event: 12.756 GC heap after
Heap after GC invocations=9 (full 1):
 PSYoungGen      total 290816K, used 11746K [0x0000000780980000, 0x0000000796080000, 0x00000007c0000000)
  eden space 279040K, 0% used [0x0000000780980000,0x0000000780980000,0x0000000791a00000)
  from space 11776K, 99% used [0x0000000792800000,0x0000000793378b90,0x0000000793380000)
  to   space 14336K, 0% used [0x0000000791a00000,0x0000000791a00000,0x0000000792800000)
 ParOldGen       total 72192K, used 11044K [0x0000000701c00000, 0x0000000706280000, 0x0000000780980000)
  object space 72192K, 15% used [0x0000000701c00000,0x00000007026c93e0,0x0000000706280000)
 Metaspace       used 32371K, capacity 33878K, committed 34176K, reserved 1079296K
  class space    used 4369K, capacity 4701K, committed 4736K, reserved 1048576K
}
Event: 13.255 GC heap before
{Heap before GC invocations=10 (full 1):
 PSYoungGen      total 290816K, used 50734K [0x0000000780980000, 0x0000000796080000, 0x00000007c0000000)
  eden space 279040K, 13% used [0x0000000780980000,0x0000000782f92f88,0x0000000791a00000)
  from space 11776K, 99% used [0x0000000792800000,0x0000000793378b90,0x0000000793380000)
  to   space 14336K, 0% used [0x0000000791a00000,0x0000000791a00000,0x0000000792800000)
 ParOldGen       total 72192K, used 11044K [0x0000000701c00000, 0x0000000706280000, 0x0000000780980000)
  object space 72192K, 15% used [0x0000000701c00000,0x00000007026c93e0,0x0000000706280000)
 Metaspace       used 33942K, capacity 35446K, committed 35496K, reserved 1079296K
  class space    used 4537K, capacity 4861K, committed 4864K, reserved 1048576K
Event: 13.278 GC heap after
Heap after GC invocations=10 (full 1):
 PSYoungGen      total 293376K, used 8159K [0x0000000780980000, 0x000000079b500000, 0x00000007c0000000)
  eden space 279040K, 0% used [0x0000000780980000,0x0000000780980000,0x0000000791a00000)
  from space 14336K, 56% used [0x0000000791a00000,0x00000007921f7d10,0x0000000792800000)
  to   space 13824K, 0% used [0x000000079a780000,0x000000079a780000,0x000000079b500000)
 ParOldGen       total 72192K, used 13209K [0x0000000701c00000, 0x0000000706280000, 0x0000000780980000)
  object space 72192K, 18% used [0x0000000701c00000,0x00000007028e67b8,0x0000000706280000)
 Metaspace       used 33942K, capacity 35446K, committed 35496K, reserved 1079296K
  class space    used 4537K, capacity 4861K, committed 4864K, reserved 1048576K
}
Event: 13.278 GC heap before
{Heap before GC invocations=11 (full 2):
 PSYoungGen      total 293376K, used 8159K [0x0000000780980000, 0x000000079b500000, 0x00000007c0000000)
  eden space 279040K, 0% used [0x0000000780980000,0x0000000780980000,0x0000000791a00000)
  from space 14336K, 56% used [0x0000000791a00000,0x00000007921f7d10,0x0000000792800000)
  to   space 13824K, 0% used [0x000000079a780000,0x000000079a780000,0x000000079b500000)
 ParOldGen       total 72192K, used 13209K [0x0000000701c00000, 0x0000000706280000, 0x0000000780980000)
  object space 72192K, 18% used [0x0000000701c00000,0x00000007028e67b8,0x0000000706280000)
 Metaspace       used 33942K, capacity 35446K, committed 35496K, reserved 1079296K
  class space    used 4537K, capacity 4861K, committed 4864K, reserved 1048576K
Event: 13.415 GC heap after
Heap after GC invocations=11 (full 2):
 PSYoungGen      total 293376K, used 0K [0x0000000780980000, 0x000000079b500000, 0x00000007c0000000)
  eden space 279040K, 0% used [0x0000000780980000,0x0000000780980000,0x0000000791a00000)
  from space 14336K, 0% used [0x0000000791a00000,0x0000000791a00000,0x0000000792800000)
  to   space 13824K, 0% used [0x000000079a780000,0x000000079a780000,0x000000079b500000)
 ParOldGen       total 108032K, used 15541K [0x0000000701c00000, 0x0000000708580000, 0x0000000780980000)
  object space 108032K, 14% used [0x0000000701c00000,0x0000000702b2d668,0x0000000708580000)
 Metaspace       used 33942K, capacity 35446K, committed 35496K, reserved 1079296K
  class space    used 4537K, capacity 4861K, committed 4864K, reserved 1048576K
}
Event: 15.496 GC heap before
{Heap before GC invocations=12 (full 2):
 PSYoungGen      total 293376K, used 139630K [0x0000000780980000, 0x000000079b500000, 0x00000007c0000000)
  eden space 279040K, 50% used [0x0000000780980000,0x00000007891db8b8,0x0000000791a00000)
  from space 14336K, 0% used [0x0000000791a00000,0x0000000791a00000,0x0000000792800000)
  to   space 13824K, 0% used [0x000000079a780000,0x000000079a780000,0x000000079b500000)
 ParOldGen       total 108032K, used 15541K [0x0000000701c00000, 0x0000000708580000, 0x0000000780980000)
  object space 108032K, 14% used [0x0000000701c00000,0x0000000702b2d668,0x0000000708580000)
 Metaspace       used 37867K, capacity 39906K, committed 40064K, reserved 1089536K
  class space    used 5042K, capacity 5437K, committed 5504K, reserved 1048576K
Event: 15.506 GC heap after
Heap after GC invocations=12 (full 2):
 PSYoungGen      total 371712K, used 6360K [0x0000000780980000, 0x000000079ae00000, 0x00000007c0000000)
  eden space 365056K, 0% used [0x0000000780980000,0x0000000780980000,0x0000000796e00000)
  from space 6656K, 95% used [0x000000079a780000,0x000000079adb63a8,0x000000079ae00000)
  to   space 13824K, 0% used [0x0000000799300000,0x0000000799300000,0x000000079a080000)
 ParOldGen       total 108032K, used 15549K [0x0000000701c00000, 0x0000000708580000, 0x0000000780980000)
  object space 108032K, 14% used [0x0000000701c00000,0x0000000702b2f668,0x0000000708580000)
 Metaspace       used 37867K, capacity 39906K, committed 40064K, reserved 1089536K
  class space    used 5042K, capacity 5437K, committed 5504K, reserved 1048576K
}
Event: 15.506 GC heap before
{Heap before GC invocations=13 (full 3):
 PSYoungGen      total 371712K, used 6360K [0x0000000780980000, 0x000000079ae00000, 0x00000007c0000000)
  eden space 365056K, 0% used [0x0000000780980000,0x0000000780980000,0x0000000796e00000)
  from space 6656K, 95% used [0x000000079a780000,0x000000079adb63a8,0x000000079ae00000)
  to   space 13824K, 0% used [0x0000000799300000,0x0000000799300000,0x000000079a080000)
 ParOldGen       total 108032K, used 15549K [0x0000000701c00000, 0x0000000708580000, 0x0000000780980000)
  object space 108032K, 14% used [0x0000000701c00000,0x0000000702b2f668,0x0000000708580000)
 Metaspace       used 37867K, capacity 39906K, committed 40064K, reserved 1089536K
  class space    used 5042K, capacity 5437K, committed 5504K, reserved 1048576K
Event: 15.721 GC heap after
Heap after GC invocations=13 (full 3):
 PSYoungGen      total 371712K, used 0K [0x0000000780980000, 0x000000079ae00000, 0x00000007c0000000)
  eden space 365056K, 0% used [0x0000000780980000,0x0000000780980000,0x0000000796e00000)
  from space 6656K, 0% used [0x000000079a780000,0x000000079a780000,0x000000079ae00000)
  to   space 13824K, 0% used [0x0000000799300000,0x0000000799300000,0x000000079a080000)
 ParOldGen       total 108032K, used 20211K [0x0000000701c00000, 0x0000000708580000, 0x0000000780980000)
  object space 108032K, 18% used [0x0000000701c00000,0x0000000702fbce60,0x0000000708580000)
 Metaspace       used 37867K, capacity 39906K, committed 40064K, reserved 1087488K
  class space    used 5042K, capacity 5437K, committed 5504K, reserved 1048576K
}

