# JRE version: Java(TM) SE Runtime Environment (8.0_231-b11) (build 1.8.0_231-b11)
# Java VM: Java HotSpot(TM) 64-Bit Server VM (25.231-b11 mixed mode windows-amd64 compressed oops)
Heap:
 PSYoungGen      total 202752K, used 181360K [0x0000000780980000, 0x0000000791380000, 0x00000007c0000000)
  eden space 192000K, 94% used [0x0000000780980000,0x000000078ba9c230,0x000000078c500000)
  from space 10752K, 0% used [0x000000078c500000,0x000000078c500000,0x000000078cf80000)
  to   space 13312K, 0% used [0x0000000790680000,0x0000000790680000,0x0000000791380000)
 ParOldGen       total 69120K, used 16537K [0x0000000701c00000, 0x0000000705f80000, 0x0000000780980000)
  object space 69120K, 23% used [0x0000000701c00000,0x0000000702c26430,0x0000000705f80000)
 Metaspace       used 38159K, capacity 40237K, committed 40320K, reserved 1083392K
  class space    used 5079K, capacity 5503K, committed 5504K, reserved 1048576K
GC Heap History (10 events):
Event: 12.197 GC heap before
{Heap before GC invocations=7 (full 1):
 PSYoungGen      total 106496K, used 98304K [0x0000000780980000, 0x000000078de80000, 0x00000007c0000000)
  eden space 98304K, 100% used [0x0000000780980000,0x0000000786980000,0x0000000786980000)
  from space 8192K, 0% used [0x0000000786980000,0x0000000786980000,0x0000000787180000)
  to   space 10752K, 0% used [0x000000078d400000,0x000000078d400000,0x000000078de80000)
 ParOldGen       total 69120K, used 8240K [0x0000000701c00000, 0x0000000705f80000, 0x0000000780980000)
  object space 69120K, 11% used [0x0000000701c00000,0x000000070240c280,0x0000000705f80000)
 Metaspace       used 22954K, capacity 23942K, committed 24192K, reserved 1071104K
  class space    used 3103K, capacity 3340K, committed 3456K, reserved 1048576K
Event: 12.209 GC heap after
Heap after GC invocations=7 (full 1):
 PSYoungGen      total 179200K, used 6018K [0x0000000780980000, 0x000000078da00000, 0x00000007c0000000)
  eden space 173056K, 0% used [0x0000000780980000,0x0000000780980000,0x000000078b280000)
  from space 6144K, 97% used [0x000000078d400000,0x000000078d9e0b00,0x000000078da00000)
  to   space 10752K, 0% used [0x000000078c500000,0x000000078c500000,0x000000078cf80000)
 ParOldGen       total 69120K, used 8240K [0x0000000701c00000, 0x0000000705f80000, 0x0000000780980000)
  object space 69120K, 11% used [0x0000000701c00000,0x000000070240c280,0x0000000705f80000)
 Metaspace       used 22954K, capacity 23942K, committed 24192K, reserved 1071104K
  class space    used 3103K, capacity 3340K, committed 3456K, reserved 1048576K
}
Event: 13.828 GC heap before
{Heap before GC invocations=8 (full 1):
 PSYoungGen      total 179200K, used 179074K [0x0000000780980000, 0x000000078da00000, 0x00000007c0000000)
  eden space 173056K, 100% used [0x0000000780980000,0x000000078b280000,0x000000078b280000)
  from space 6144K, 97% used [0x000000078d400000,0x000000078d9e0b00,0x000000078da00000)
  to   space 10752K, 0% used [0x000000078c500000,0x000000078c500000,0x000000078cf80000)
 ParOldGen       total 69120K, used 8240K [0x0000000701c00000, 0x0000000705f80000, 0x0000000780980000)
  object space 69120K, 11% used [0x0000000701c00000,0x000000070240c280,0x0000000705f80000)
 Metaspace       used 25650K, capacity 26862K, committed 27136K, reserved 1073152K
  class space    used 3463K, capacity 3747K, committed 3840K, reserved 1048576K
Event: 13.840 GC heap after
Heap after GC invocations=8 (full 1):
 PSYoungGen      total 183808K, used 9399K [0x0000000780980000, 0x000000078da00000, 0x00000007c0000000)
  eden space 173056K, 0% used [0x0000000780980000,0x0000000780980000,0x000000078b280000)
  from space 10752K, 87% used [0x000000078c500000,0x000000078ce2ded8,0x000000078cf80000)
  to   space 6144K, 0% used [0x000000078d400000,0x000000078d400000,0x000000078da00000)
 ParOldGen       total 69120K, used 8248K [0x0000000701c00000, 0x0000000705f80000, 0x0000000780980000)
  object space 69120K, 11% used [0x0000000701c00000,0x000000070240e280,0x0000000705f80000)
 Metaspace       used 25650K, capacity 26862K, committed 27136K, reserved 1073152K
  class space    used 3463K, capacity 3747K, committed 3840K, reserved 1048576K
}
Event: 16.308 GC heap before
{Heap before GC invocations=9 (full 1):
 PSYoungGen      total 183808K, used 182455K [0x0000000780980000, 0x000000078da00000, 0x00000007c0000000)
  eden space 173056K, 100% used [0x0000000780980000,0x000000078b280000,0x000000078b280000)
  from space 10752K, 87% used [0x000000078c500000,0x000000078ce2ded8,0x000000078cf80000)
  to   space 6144K, 0% used [0x000000078d400000,0x000000078d400000,0x000000078da00000)
 ParOldGen       total 69120K, used 8248K [0x0000000701c00000, 0x0000000705f80000, 0x0000000780980000)
  object space 69120K, 11% used [0x0000000701c00000,0x000000070240e280,0x0000000705f80000)
 Metaspace       used 31989K, capacity 33476K, committed 33664K, reserved 1079296K
  class space    used 4308K, capacity 4642K, committed 4736K, reserved 1048576K
Event: 16.327 GC heap after
Heap after GC invocations=9 (full 1):
 PSYoungGen      total 179200K, used 6117K [0x0000000780980000, 0x000000078da00000, 0x00000007c0000000)
  eden space 173056K, 0% used [0x0000000780980000,0x0000000780980000,0x000000078b280000)
  from space 6144K, 99% used [0x000000078d400000,0x000000078d9f97e0,0x000000078da00000)
  to   space 10752K, 0% used [0x000000078c500000,0x000000078c500000,0x000000078cf80000)
 ParOldGen       total 69120K, used 16008K [0x0000000701c00000, 0x0000000705f80000, 0x0000000780980000)
  object space 69120K, 23% used [0x0000000701c00000,0x0000000702ba2080,0x0000000705f80000)
 Metaspace       used 31989K, capacity 33476K, committed 33664K, reserved 1079296K
  class space    used 4308K, capacity 4642K, committed 4736K, reserved 1048576K
}
Event: 17.131 GC heap before
{Heap before GC invocations=10 (full 1):
 PSYoungGen      total 179200K, used 57381K [0x0000000780980000, 0x000000078da00000, 0x00000007c0000000)
  eden space 173056K, 29% used [0x0000000780980000,0x0000000783b8fc28,0x000000078b280000)
  from space 6144K, 99% used [0x000000078d400000,0x000000078d9f97e0,0x000000078da00000)
  to   space 10752K, 0% used [0x000000078c500000,0x000000078c500000,0x000000078cf80000)
 ParOldGen       total 69120K, used 16008K [0x0000000701c00000, 0x0000000705f80000, 0x0000000780980000)
  object space 69120K, 23% used [0x0000000701c00000,0x0000000702ba2080,0x0000000705f80000)
 Metaspace       used 33800K, capacity 35357K, committed 35496K, reserved 1079296K
  class space    used 4512K, capacity 4864K, committed 4864K, reserved 1048576K
Event: 17.142 GC heap after
Heap after GC invocations=10 (full 1):
 PSYoungGen      total 202752K, used 7005K [0x0000000780980000, 0x0000000791380000, 0x00000007c0000000)
  eden space 192000K, 0% used [0x0000000780980000,0x0000000780980000,0x000000078c500000)
  from space 10752K, 65% used [0x000000078c500000,0x000000078cbd7518,0x000000078cf80000)
  to   space 13312K, 0% used [0x0000000790680000,0x0000000790680000,0x0000000791380000)
 ParOldGen       total 69120K, used 17585K [0x0000000701c00000, 0x0000000705f80000, 0x0000000780980000)
  object space 69120K, 25% used [0x0000000701c00000,0x0000000702d2c7c0,0x0000000705f80000)
 Metaspace       used 33800K, capacity 35357K, committed 35496K, reserved 1079296K
  class space    used 4512K, capacity 4864K, committed 4864K, reserved 1048576K
}
Event: 17.142 GC heap before
{Heap before GC invocations=11 (full 2):
 PSYoungGen      total 202752K, used 7005K [0x0000000780980000, 0x0000000791380000, 0x00000007c0000000)
  eden space 192000K, 0% used [0x0000000780980000,0x0000000780980000,0x000000078c500000)
  from space 10752K, 65% used [0x000000078c500000,0x000000078cbd7518,0x000000078cf80000)
  to   space 13312K, 0% used [0x0000000790680000,0x0000000790680000,0x0000000791380000)
 ParOldGen       total 69120K, used 17585K [0x0000000701c00000, 0x0000000705f80000, 0x0000000780980000)
  object space 69120K, 25% used [0x0000000701c00000,0x0000000702d2c7c0,0x0000000705f80000)
 Metaspace       used 33800K, capacity 35357K, committed 35496K, reserved 1079296K
  class space    used 4512K, capacity 4864K, committed 4864K, reserved 1048576K
Event: 17.215 GC heap after
Heap after GC invocations=11 (full 2):
 PSYoungGen      total 202752K, used 0K [0x0000000780980000, 0x0000000791380000, 0x00000007c0000000)
  eden space 192000K, 0% used [0x0000000780980000,0x0000000780980000,0x000000078c500000)
  from space 10752K, 0% used [0x000000078c500000,0x000000078c500000,0x000000078cf80000)
  to   space 13312K, 0% used [0x0000000790680000,0x0000000790680000,0x0000000791380000)
 ParOldGen       total 69120K, used 16537K [0x0000000701c00000, 0x0000000705f80000, 0x0000000780980000)
  object space 69120K, 23% used [0x0000000701c00000,0x0000000702c26430,0x0000000705f80000)
 Metaspace       used 33800K, capacity 35357K, committed 35496K, reserved 1079296K
  class space    used 4512K, capacity 4864K, committed 4864K, reserved 1048576K
}

